<?xml version="1.0" encoding="UTF-8"?>
<testng-results ignored="0" total="1" passed="1" failed="0" skipped="0">
  <reporter-output>
  </reporter-output>
  <suite started-at="2020-02-13T09:19:35Z" name="Default suite" finished-at="2020-02-13T09:19:47Z" duration-ms="12458">
    <groups>
    </groups>
    <test started-at="2020-02-13T09:19:35Z" name="Default test" finished-at="2020-02-13T09:19:47Z" duration-ms="12458">
      <class name="test.NewTest">
        <test-method signature="launch()[pri:0, instance:test.NewTest@35083305]" started-at="2020-02-13T09:19:35Z" name="launch" finished-at="2020-02-13T09:19:47Z" duration-ms="12433" status="PASS">
          <reporter-output>
          </reporter-output>
        </test-method> <!-- launch -->
      </class> <!-- test.NewTest -->
    </test> <!-- Default test -->
  </suite> <!-- Default suite -->
</testng-results>
